<?xml version="1.0" encoding="UTF-8"?>
<robot generator="Robot 5.0.1 (Python 3.10.6 on win32)" generated="20221104 20:09:10.945" rpa="false" schemaversion="3">
<suite id="s1" name="Test" source="C:\Users\carlo\Documents\GitHub\robotframework\test\feature\test.robot">
<test id="s1-t1" name="Caso de Teste 01:" line="10">
<kw name="Abrir o navegador" library="hooks" type="SETUP">
<kw name="Open Browser" library="SeleniumLibrary">
<arg>${URL}</arg>
<arg>${BROWSER}</arg>
<doc>Opens a new browser instance to the optional ``url``.</doc>
<msg timestamp="20221104 20:09:11.397" level="INFO">Opening browser 'chrome' to base url 'http://www.amazon.com.br'.</msg>
<status status="PASS" starttime="20221104 20:09:11.396" endtime="20221104 20:09:17.129"/>
</kw>
<kw name="Maximize Browser Window" library="SeleniumLibrary">
<doc>Maximizes current browser window.</doc>
<status status="PASS" starttime="20221104 20:09:17.129" endtime="20221104 20:09:17.534"/>
</kw>
<status status="PASS" starttime="20221104 20:09:11.396" endtime="20221104 20:09:17.535"/>
</kw>
<kw name="Verificar tela da home page" library="kws_cadastro">
<kw name="Wait Until Element Is Visible" library="SeleniumLibrary">
<arg>id:nav-logo-sprites</arg>
<doc>Waits until the element ``locator`` is visible.</doc>
<status status="PASS" starttime="20221104 20:09:17.541" endtime="20221104 20:09:17.901"/>
</kw>
<status status="PASS" starttime="20221104 20:09:17.540" endtime="20221104 20:09:17.901"/>
</kw>
<kw name="Ir para tela de cadastro" library="kws_cadastro">
<kw name="Click Element" library="SeleniumLibrary">
<arg>locator=//span[@class='nav-line-2 '][contains(.,'Contas e Listas')]</arg>
<doc>Click the element identified by ``locator``.</doc>
<msg timestamp="20221104 20:09:17.903" level="INFO">Clicking element '//span[@class='nav-line-2 '][contains(.,'Contas e Listas')]'.</msg>
<status status="PASS" starttime="20221104 20:09:17.902" endtime="20221104 20:09:18.429"/>
</kw>
<status status="PASS" starttime="20221104 20:09:17.902" endtime="20221104 20:09:18.429"/>
</kw>
<kw name="Clicar no botão de criar nova conta" library="kws_cadastro">
<kw name="Wait Until Element Is Visible" library="SeleniumLibrary">
<arg>locator=//h1[@class='a-spacing-small'][contains(.,'Fazer login')]</arg>
<doc>Waits until the element ``locator`` is visible.</doc>
<status status="PASS" starttime="20221104 20:09:18.431" endtime="20221104 20:09:19.042"/>
</kw>
<kw name="Click Element" library="SeleniumLibrary">
<arg>locator=//a[@tabindex='6'][contains(.,'Criar sua conta da Amazon')]</arg>
<doc>Click the element identified by ``locator``.</doc>
<msg timestamp="20221104 20:09:19.043" level="INFO">Clicking element '//a[@tabindex='6'][contains(.,'Criar sua conta da Amazon')]'.</msg>
<status status="PASS" starttime="20221104 20:09:19.042" endtime="20221104 20:09:19.733"/>
</kw>
<status status="PASS" starttime="20221104 20:09:18.430" endtime="20221104 20:09:19.733"/>
</kw>
<kw name="Validar formulário de Cadastro" library="kws_cadastro">
<kw name="Wait Until Element Is Visible" library="SeleniumLibrary">
<arg>id:ap_register_form</arg>
<doc>Waits until the element ``locator`` is visible.</doc>
<status status="PASS" starttime="20221104 20:09:19.734" endtime="20221104 20:09:19.771"/>
</kw>
<status status="PASS" starttime="20221104 20:09:19.734" endtime="20221104 20:09:19.771"/>
</kw>
<kw name="Preencher formulario de cadastro" library="kws_cadastro">
<kw name="Input Text" library="SeleniumLibrary">
<arg>id:ap_customer_name</arg>
<arg>text=Carlos Fernandes</arg>
<doc>Types the given ``text`` into the text field identified by ``locator``.</doc>
<msg timestamp="20221104 20:09:19.773" level="INFO">Typing text 'Carlos Fernandes' into text field 'id:ap_customer_name'.</msg>
<status status="PASS" starttime="20221104 20:09:19.772" endtime="20221104 20:09:19.941"/>
</kw>
<kw name="Input Text" library="SeleniumLibrary">
<arg>id:ap_email</arg>
<arg>text=carlinhos_sk8al@hotmail.com</arg>
<doc>Types the given ``text`` into the text field identified by ``locator``.</doc>
<msg timestamp="20221104 20:09:19.942" level="INFO">Typing text 'carlinhos_sk8al@hotmail.com' into text field 'id:ap_email'.</msg>
<status status="PASS" starttime="20221104 20:09:19.941" endtime="20221104 20:09:20.156"/>
</kw>
<kw name="Input Password" library="SeleniumLibrary">
<arg>id:ap_password</arg>
<arg>password=951357</arg>
<doc>Types the given password into the text field identified by ``locator``.</doc>
<msg timestamp="20221104 20:09:20.157" level="INFO">Typing password into text field 'id:ap_password'.</msg>
<msg timestamp="20221104 20:09:20.518" level="INFO">Temporally setting log level to: NONE</msg>
<msg timestamp="20221104 20:09:20.613" level="INFO">Log level changed from NONE to INFO.</msg>
<status status="PASS" starttime="20221104 20:09:20.156" endtime="20221104 20:09:20.613"/>
</kw>
<kw name="Input Password" library="SeleniumLibrary">
<arg>id:ap_password_check</arg>
<arg>password=951357</arg>
<doc>Types the given password into the text field identified by ``locator``.</doc>
<msg timestamp="20221104 20:09:20.614" level="INFO">Typing password into text field 'id:ap_password_check'.</msg>
<msg timestamp="20221104 20:09:20.678" level="INFO">Temporally setting log level to: NONE</msg>
<msg timestamp="20221104 20:09:20.759" level="INFO">Log level changed from NONE to INFO.</msg>
<status status="PASS" starttime="20221104 20:09:20.614" endtime="20221104 20:09:20.759"/>
</kw>
<kw name="Click Element" library="SeleniumLibrary">
<arg>id:continue</arg>
<doc>Click the element identified by ``locator``.</doc>
<msg timestamp="20221104 20:09:20.760" level="INFO">Clicking element 'id:continue'.</msg>
<status status="PASS" starttime="20221104 20:09:20.760" endtime="20221104 20:09:22.224"/>
</kw>
<status status="PASS" starttime="20221104 20:09:19.772" endtime="20221104 20:09:22.225"/>
</kw>
<kw name="Fechar o navegador" library="hooks" type="TEARDOWN">
<kw name="Close Browser" library="SeleniumLibrary">
<doc>Closes the current browser.</doc>
<status status="PASS" starttime="20221104 20:09:22.227" endtime="20221104 20:09:24.939"/>
</kw>
<status status="PASS" starttime="20221104 20:09:22.226" endtime="20221104 20:09:24.939"/>
</kw>
<tag>Cadastrar_Usuario</tag>
<status status="PASS" starttime="20221104 20:09:11.394" endtime="20221104 20:09:24.940"/>
</test>
<test id="s1-t2" name="Caso de Teste 02:" line="18">
<kw name="Abrir o navegador" library="hooks" type="SETUP">
<kw name="Open Browser" library="SeleniumLibrary">
<arg>${URL}</arg>
<arg>${BROWSER}</arg>
<doc>Opens a new browser instance to the optional ``url``.</doc>
<msg timestamp="20221104 20:09:24.950" level="INFO">Opening browser 'chrome' to base url 'http://www.amazon.com.br'.</msg>
<status status="PASS" starttime="20221104 20:09:24.949" endtime="20221104 20:09:30.272"/>
</kw>
<kw name="Maximize Browser Window" library="SeleniumLibrary">
<doc>Maximizes current browser window.</doc>
<status status="PASS" starttime="20221104 20:09:30.272" endtime="20221104 20:09:30.592"/>
</kw>
<status status="PASS" starttime="20221104 20:09:24.948" endtime="20221104 20:09:30.593"/>
</kw>
<kw name="Verificar tela da home page" library="kws_cadastro">
<kw name="Wait Until Element Is Visible" library="SeleniumLibrary">
<arg>id:nav-logo-sprites</arg>
<doc>Waits until the element ``locator`` is visible.</doc>
<status status="PASS" starttime="20221104 20:09:30.601" endtime="20221104 20:09:30.873"/>
</kw>
<status status="PASS" starttime="20221104 20:09:30.600" endtime="20221104 20:09:30.873"/>
</kw>
<kw name="Ir para tela de cadastro" library="kws_cadastro">
<kw name="Click Element" library="SeleniumLibrary">
<arg>locator=//span[@class='nav-line-2 '][contains(.,'Contas e Listas')]</arg>
<doc>Click the element identified by ``locator``.</doc>
<msg timestamp="20221104 20:09:30.876" level="INFO">Clicking element '//span[@class='nav-line-2 '][contains(.,'Contas e Listas')]'.</msg>
<status status="PASS" starttime="20221104 20:09:30.876" endtime="20221104 20:09:31.441"/>
</kw>
<status status="PASS" starttime="20221104 20:09:30.874" endtime="20221104 20:09:31.442"/>
</kw>
<kw name="Clicar no botão de criar nova conta" library="kws_cadastro">
<kw name="Wait Until Element Is Visible" library="SeleniumLibrary">
<arg>locator=//h1[@class='a-spacing-small'][contains(.,'Fazer login')]</arg>
<doc>Waits until the element ``locator`` is visible.</doc>
<status status="PASS" starttime="20221104 20:09:31.444" endtime="20221104 20:09:32.004"/>
</kw>
<kw name="Click Element" library="SeleniumLibrary">
<arg>locator=//a[@tabindex='6'][contains(.,'Criar sua conta da Amazon')]</arg>
<doc>Click the element identified by ``locator``.</doc>
<msg timestamp="20221104 20:09:32.005" level="INFO">Clicking element '//a[@tabindex='6'][contains(.,'Criar sua conta da Amazon')]'.</msg>
<status status="PASS" starttime="20221104 20:09:32.005" endtime="20221104 20:09:32.814"/>
</kw>
<status status="PASS" starttime="20221104 20:09:31.443" endtime="20221104 20:09:32.815"/>
</kw>
<kw name="Validar formulário de Cadastro" library="kws_cadastro">
<kw name="Wait Until Element Is Visible" library="SeleniumLibrary">
<arg>id:ap_register_form</arg>
<doc>Waits until the element ``locator`` is visible.</doc>
<status status="PASS" starttime="20221104 20:09:32.817" endtime="20221104 20:09:32.856"/>
</kw>
<status status="PASS" starttime="20221104 20:09:32.816" endtime="20221104 20:09:32.857"/>
</kw>
<kw name="Clicar no botão Continuar" library="kws_cadastro">
<kw name="Click Element" library="SeleniumLibrary">
<arg>id:continue</arg>
<doc>Click the element identified by ``locator``.</doc>
<msg timestamp="20221104 20:09:32.860" level="INFO">Clicking element 'id:continue'.</msg>
<status status="PASS" starttime="20221104 20:09:32.859" endtime="20221104 20:09:32.969"/>
</kw>
<status status="PASS" starttime="20221104 20:09:32.857" endtime="20221104 20:09:32.970"/>
</kw>
<kw name="Validar mensagens de campos obrigatorios" library="kws_cadastro">
<kw name="Element Should Not Be Visible" library="SeleniumLibrary">
<arg>message:Insira seu nome</arg>
<doc>Verifies that the element identified by ``locator`` is NOT visible.</doc>
<msg timestamp="20221104 20:09:32.998" level="INFO">Element 'message:Insira seu nome' did not exist.</msg>
<status status="PASS" starttime="20221104 20:09:32.972" endtime="20221104 20:09:32.998"/>
</kw>
<kw name="Element Should Not Be Visible" library="SeleniumLibrary">
<arg>message:Digite seu e-mail ou número de telefone celular</arg>
<doc>Verifies that the element identified by ``locator`` is NOT visible.</doc>
<msg timestamp="20221104 20:09:33.024" level="INFO">Element 'message:Digite seu e-mail ou número de telefone celular' did not exist.</msg>
<status status="PASS" starttime="20221104 20:09:32.999" endtime="20221104 20:09:33.025"/>
</kw>
<kw name="Element Should Not Be Visible" library="SeleniumLibrary">
<arg>message:Mínimo de 6 caracteres necessários</arg>
<doc>Verifies that the element identified by ``locator`` is NOT visible.</doc>
<msg timestamp="20221104 20:09:33.045" level="INFO">Element 'message:Mínimo de 6 caracteres necessários' did not exist.</msg>
<status status="PASS" starttime="20221104 20:09:33.025" endtime="20221104 20:09:33.045"/>
</kw>
<status status="PASS" starttime="20221104 20:09:32.971" endtime="20221104 20:09:33.046"/>
</kw>
<kw name="Fechar o navegador" library="hooks" type="TEARDOWN">
<kw name="Close Browser" library="SeleniumLibrary">
<doc>Closes the current browser.</doc>
<status status="PASS" starttime="20221104 20:09:33.047" endtime="20221104 20:09:35.332"/>
</kw>
<status status="PASS" starttime="20221104 20:09:33.047" endtime="20221104 20:09:35.333"/>
</kw>
<tag>Cadastro_Invalido</tag>
<status status="PASS" starttime="20221104 20:09:24.945" endtime="20221104 20:09:35.334"/>
</test>
<doc>Aqui ficam os Casos de Teste da automação</doc>
<status status="PASS" starttime="20221104 20:09:10.948" endtime="20221104 20:09:35.340"/>
</suite>
<statistics>
<total>
<stat pass="2" fail="0" skip="0">All Tests</stat>
</total>
<tag>
<stat pass="1" fail="0" skip="0">Cadastrar_Usuario</stat>
<stat pass="1" fail="0" skip="0">Cadastro_Invalido</stat>
</tag>
<suite>
<stat pass="2" fail="0" skip="0" id="s1" name="Test">Test</stat>
</suite>
</statistics>
<errors>
</errors>
</robot>
