<?xml version="1.0" encoding="UTF-8"?>
<robot generator="Robot 5.0.1 (Python 3.10.6 on win32)" generated="20221103 23:45:47.320" rpa="false" schemaversion="3">
<suite id="s1" name="Test" source="C:\Users\carlo\Documents\GitHub\robotframework\test\feature\test.robot">
<test id="s1-t1" name="Caso de Teste 01:" line="10">
<kw name="Abrir o navegador" library="hooks" type="SETUP">
<kw name="Open Browser" library="SeleniumLibrary">
<arg>${URL}</arg>
<arg>${BROWSER}</arg>
<doc>Opens a new browser instance to the optional ``url``.</doc>
<msg timestamp="20221103 23:45:47.745" level="INFO">Opening browser 'chrome' to base url 'http://www.amazon.com.br'.</msg>
<status status="PASS" starttime="20221103 23:45:47.745" endtime="20221103 23:45:52.574"/>
</kw>
<kw name="Maximize Browser Window" library="SeleniumLibrary">
<doc>Maximizes current browser window.</doc>
<status status="PASS" starttime="20221103 23:45:52.574" endtime="20221103 23:45:53.188"/>
</kw>
<status status="PASS" starttime="20221103 23:45:47.744" endtime="20221103 23:45:53.188"/>
</kw>
<kw name="Verificar tela da home page" library="kws_cadastro">
<kw name="Wait Until Element Is Visible" library="SeleniumLibrary">
<arg>id:nav-logo-sprites</arg>
<doc>Waits until the element ``locator`` is visible.</doc>
<status status="PASS" starttime="20221103 23:45:53.209" endtime="20221103 23:45:53.656"/>
</kw>
<status status="PASS" starttime="20221103 23:45:53.208" endtime="20221103 23:45:53.656"/>
</kw>
<kw name="Ir para tela de cadastro" library="kws_cadastro">
<kw name="Click Element" library="SeleniumLibrary">
<arg>locator=//span[@class='nav-line-2 '][contains(.,'Contas e Listas')]</arg>
<doc>Click the element identified by ``locator``.</doc>
<msg timestamp="20221103 23:45:53.659" level="INFO">Clicking element '//span[@class='nav-line-2 '][contains(.,'Contas e Listas')]'.</msg>
<status status="PASS" starttime="20221103 23:45:53.658" endtime="20221103 23:45:54.951"/>
</kw>
<status status="PASS" starttime="20221103 23:45:53.657" endtime="20221103 23:45:54.951"/>
</kw>
<kw name="Fechar o navegador" library="hooks" type="TEARDOWN">
<kw name="Close Browser" library="SeleniumLibrary">
<doc>Closes the current browser.</doc>
<status status="PASS" starttime="20221103 23:45:54.953" endtime="20221103 23:45:57.397"/>
</kw>
<status status="PASS" starttime="20221103 23:45:54.952" endtime="20221103 23:45:57.397"/>
</kw>
<tag>Cadastrar_Usuario</tag>
<status status="PASS" starttime="20221103 23:45:47.742" endtime="20221103 23:45:57.398"/>
</test>
<doc>Aqui ficam os Casos de Teste da automação</doc>
<status status="PASS" starttime="20221103 23:45:47.323" endtime="20221103 23:45:57.402"/>
</suite>
<statistics>
<total>
<stat pass="1" fail="0" skip="0">All Tests</stat>
</total>
<tag>
<stat pass="1" fail="0" skip="0">Cadastrar_Usuario</stat>
</tag>
<suite>
<stat pass="1" fail="0" skip="0" id="s1" name="Test">Test</stat>
</suite>
</statistics>
<errors>
</errors>
</robot>
