<?xml version="1.0" encoding="UTF-8"?>
<robot generator="Robot 5.0.1 (Python 3.10.6 on win32)" generated="20220831 23:05:35.871" rpa="false" schemaversion="3">
<suite id="s1" name="Amazon Testes Gherkin Bdd" source="D:\carlo\Course\Robot FrameWork\Módulos\Módulo 03\RobotFramework\WebTesting\amazon_testes_gherkin_bdd.robot">
<test id="s1-t1" name="Caso de Teste 02 - Pesquisa de um Produto" line="19">
<kw name="Abrir o navegador" library="amazon_resources" type="SETUP">
<kw name="Open Browser" library="SeleniumLibrary">
<arg>browser=chrome</arg>
<doc>Opens a new browser instance to the optional ``url``.</doc>
<msg timestamp="20220831 23:05:36.491" level="INFO">Opening browser 'chrome' to base url 'None'.</msg>
<status status="PASS" starttime="20220831 23:05:36.490" endtime="20220831 23:05:38.649"/>
</kw>
<kw name="Maximize Browser Window" library="SeleniumLibrary">
<doc>Maximizes current browser window.</doc>
<status status="PASS" starttime="20220831 23:05:38.651" endtime="20220831 23:05:38.924"/>
</kw>
<status status="PASS" starttime="20220831 23:05:36.489" endtime="20220831 23:05:38.925"/>
</kw>
<kw name="Dado que estou na home page da Amazon.com.br" library="amazon_resources">
<kw name="Acessar a home page do site Amazon.com.br" library="amazon_resources">
<kw name="Go To" library="SeleniumLibrary">
<arg>url=${URL}</arg>
<doc>Navigates the current browser window to the provided ``url``.</doc>
<msg timestamp="20220831 23:05:38.930" level="INFO">Opening url 'http://www.amazon.com.br'</msg>
<status status="PASS" starttime="20220831 23:05:38.930" endtime="20220831 23:05:43.029"/>
</kw>
<kw name="Wait Until Element Is Visible" library="SeleniumLibrary">
<arg>locator=${MENU_ELETRONICOS}</arg>
<doc>Waits until the element ``locator`` is visible.</doc>
<status status="PASS" starttime="20220831 23:05:43.030" endtime="20220831 23:05:43.322"/>
</kw>
<status status="PASS" starttime="20220831 23:05:38.929" endtime="20220831 23:05:43.324"/>
</kw>
<status status="PASS" starttime="20220831 23:05:38.928" endtime="20220831 23:05:43.324"/>
</kw>
<kw name="Quando pesquisar pelo produto &quot;Xbox Series S&quot;" library="amazon_resources">
<kw name="Digitar o nome de produto &quot;Xbox Series S&quot; no campo de pesquisa" library="amazon_resources" sourcename="Digitar o nome de produto &quot;${PRODUTO}&quot; no campo de pesquisa">
<kw name="Input Text" library="SeleniumLibrary">
<arg>locator=twotabsearchtextbox</arg>
<arg>text=${PRODUTO}</arg>
<doc>Types the given ``text`` into the text field identified by ``locator``.</doc>
<msg timestamp="20220831 23:05:43.328" level="INFO">Typing text 'Xbox Series S' into text field 'twotabsearchtextbox'.</msg>
<status status="PASS" starttime="20220831 23:05:43.327" endtime="20220831 23:05:43.840"/>
</kw>
<status status="PASS" starttime="20220831 23:05:43.327" endtime="20220831 23:05:43.840"/>
</kw>
<kw name="Clicar no botão de pesquisa" library="amazon_resources">
<kw name="Click Element" library="SeleniumLibrary">
<arg>locator=nav-search-submit-button</arg>
<doc>Click the element identified by ``locator``.</doc>
<msg timestamp="20220831 23:05:43.842" level="INFO">Clicking element 'nav-search-submit-button'.</msg>
<status status="PASS" starttime="20220831 23:05:43.842" endtime="20220831 23:05:49.688"/>
</kw>
<status status="PASS" starttime="20220831 23:05:43.841" endtime="20220831 23:05:49.688"/>
</kw>
<status status="PASS" starttime="20220831 23:05:43.325" endtime="20220831 23:05:49.688"/>
</kw>
<kw name="Então o título da página deve ficar &quot;Amazon.com.br : Xbox Series S&quot;" library="amazon_resources">
<kw name="Verificar se o título da página fica &quot;Amazon.com.br : Xbox Series S&quot;" library="amazon_resources" sourcename="Verificar se o título da página fica &quot;${TITULO}&quot;">
<kw name="Title Should Be" library="SeleniumLibrary">
<arg>title=${TITULO}</arg>
<doc>Verifies that the current page title equals ``title``.</doc>
<msg timestamp="20220831 23:05:49.702" level="INFO">Page title is 'Amazon.com.br : Xbox Series S'.</msg>
<status status="PASS" starttime="20220831 23:05:49.691" endtime="20220831 23:05:49.702"/>
</kw>
<status status="PASS" starttime="20220831 23:05:49.691" endtime="20220831 23:05:49.703"/>
</kw>
<status status="PASS" starttime="20220831 23:05:49.689" endtime="20220831 23:05:49.703"/>
</kw>
<kw name="E um produto da linha &quot;Xbox Series S&quot; deve ser mostrado na página" library="amazon_resources">
<kw name="Verificar o resultado da pesquisa se está listando o produto &quot;Console Xbox Series S&quot;" library="amazon_resources" sourcename="Verificar o resultado da pesquisa se está listando o produto &quot;${PRODUTO}&quot;">
<kw name="Wait Until Element Is Visible" library="SeleniumLibrary">
<arg>locator=(//span[contains(.,'${PRODUTO}')])[2]</arg>
<doc>Waits until the element ``locator`` is visible.</doc>
<status status="PASS" starttime="20220831 23:05:49.707" endtime="20220831 23:05:49.796"/>
</kw>
<status status="PASS" starttime="20220831 23:05:49.707" endtime="20220831 23:05:49.796"/>
</kw>
<status status="PASS" starttime="20220831 23:05:49.706" endtime="20220831 23:05:49.797"/>
</kw>
<kw name="Fechar o navegador" library="amazon_resources" type="TEARDOWN">
<kw name="Capture Page Screenshot" library="SeleniumLibrary">
<doc>Takes a screenshot of the current page and embeds it into a log file.</doc>
<msg timestamp="20220831 23:05:50.291" level="INFO" html="true">&lt;/td&gt;&lt;/tr&gt;&lt;tr&gt;&lt;td colspan="3"&gt;&lt;a href="selenium-screenshot-2.png"&gt;&lt;img src="selenium-screenshot-2.png" width="800px"&gt;&lt;/a&gt;</msg>
<status status="PASS" starttime="20220831 23:05:49.799" endtime="20220831 23:05:50.291"/>
</kw>
<kw name="Close Browser" library="SeleniumLibrary">
<doc>Closes the current browser.</doc>
<status status="PASS" starttime="20220831 23:05:50.291" endtime="20220831 23:05:52.913"/>
</kw>
<status status="PASS" starttime="20220831 23:05:49.797" endtime="20220831 23:05:52.914"/>
</kw>
<doc>Esse teste verifica a busca de um produto</doc>
<tag>busca_produtos</tag>
<tag>lista_busca</tag>
<status status="PASS" starttime="20220831 23:05:36.485" endtime="20220831 23:05:52.914"/>
</test>
<doc>Essa suite testa o site da Amazon.com.br</doc>
<status status="PASS" starttime="20220831 23:05:35.877" endtime="20220831 23:05:52.918"/>
</suite>
<statistics>
<total>
<stat pass="1" fail="0" skip="0">All Tests</stat>
</total>
<tag>
<stat pass="1" fail="0" skip="0">busca_produtos</stat>
<stat pass="1" fail="0" skip="0">lista_busca</stat>
</tag>
<suite>
<stat pass="1" fail="0" skip="0" id="s1" name="Amazon Testes Gherkin Bdd">Amazon Testes Gherkin Bdd</stat>
</suite>
</statistics>
<errors>
</errors>
</robot>
